<?xml version="1.0" encoding="UTF-8"?>
<testng-results ignored="0" total="1" passed="1" failed="0" skipped="0">
  <reporter-output>
  </reporter-output>
  <suite started-at="2025-02-06T12:22:25 IST" name="Default suite" finished-at="2025-02-06T12:22:25 IST" duration-ms="64">
    <groups>
    </groups>
    <test started-at="2025-02-06T12:22:25 IST" name="Default test" finished-at="2025-02-06T12:22:25 IST" duration-ms="64">
      <class name="sampleproject.Sample">
        <test-method signature="sample()[pri:0, instance:sampleproject.Sample@6574a52c]" started-at="2025-02-06T12:22:25 IST" name="sample" finished-at="2025-02-06T12:22:25 IST" duration-ms="14" status="PASS">
          <reporter-output>
          </reporter-output>
        </test-method> <!-- sample -->
      </class> <!-- sampleproject.Sample -->
    </test> <!-- Default test -->
  </suite> <!-- Default suite -->
</testng-results>
