<?xml version="1.0" encoding="UTF-8"?>
<testng-results ignored="0" total="1" passed="1" failed="0" skipped="0">
  <reporter-output>
  </reporter-output>

  <suite started-at="2025-02-06T12:45:07 IST" name="Default suite" finished-at="2025-02-06T12:45:07 IST" duration-ms="56">
    <groups>
    </groups>
    <test started-at="2025-02-06T12:45:07 IST" name="Default test" finished-at="2025-02-06T12:45:07 IST" duration-ms="56">
      <class name="sampleproject.Sample">
        <test-method signature="sample()[pri:0, instance:sampleproject.Sample@6574a52c]" started-at="2025-02-06T12:45:07 IST" name="sample" finished-at="2025-02-06T12:45:07 IST" duration-ms="13" status="PASS">

  <suite started-at="2025-02-04T12:45:09 IST" name="Default suite" finished-at="2025-02-04T12:45:09 IST" duration-ms="63">
    <groups>
    </groups>
    <test started-at="2025-02-04T12:45:09 IST" name="Default test" finished-at="2025-02-04T12:45:09 IST" duration-ms="63">
      <class name="sampleproject.Sample">
        <test-method signature="sample()[pri:0, instance:sampleproject.Sample@6574a52c]" started-at="2025-02-04T12:45:09 IST" name="sample" finished-at="2025-02-04T12:45:09 IST" duration-ms="11" status="PASS">

          <reporter-output>
          </reporter-output>
        </test-method> <!-- sample -->
      </class> <!-- sampleproject.Sample -->
    </test> <!-- Default test -->
  </suite> <!-- Default suite -->
</testng-results>
